<?xml version="1.0" encoding="UTF-8" ?>
<testsuite tests="21" failures="0" name="es.udc.pojo.minibank.test.model.accountservice.AccountServiceTest" time="3.917" errors="0" skipped="0">
  <properties>
    <property name="java.runtime.name" value="Java(TM) SE Runtime Environment"/>
    <property name="sun.boot.library.path" value="C:\Program Files\Java\jre1.8.0_73\bin"/>
    <property name="java.vm.version" value="25.73-b02"/>
    <property name="java.vm.vendor" value="Oracle Corporation"/>
    <property name="java.vendor.url" value="http://java.oracle.com/"/>
    <property name="path.separator" value=";"/>
    <property name="guice.disable.misplaced.annotation.check" value="true"/>
    <property name="java.vm.name" value="Java HotSpot(TM) 64-Bit Server VM"/>
    <property name="file.encoding.pkg" value="sun.io"/>
    <property name="user.script" value=""/>
    <property name="user.country" value="ES"/>
    <property name="sun.java.launcher" value="SUN_STANDARD"/>
    <property name="sun.os.patch.level" value=""/>
    <property name="java.vm.specification.name" value="Java Virtual Machine Specification"/>
    <property name="user.dir" value="C:\Users\ADRIAN\pojo-examples-v1"/>
    <property name="java.runtime.version" value="1.8.0_73-b02"/>
    <property name="java.awt.graphicsenv" value="sun.awt.Win32GraphicsEnvironment"/>
    <property name="java.endorsed.dirs" value="C:\Program Files\Java\jre1.8.0_73\lib\endorsed"/>
    <property name="os.arch" value="amd64"/>
    <property name="java.io.tmpdir" value="C:\Users\ADRIAN\AppData\Local\Temp\"/>
    <property name="line.separator" value="
"/>
    <property name="java.vm.specification.vendor" value="Oracle Corporation"/>
    <property name="user.variant" value=""/>
    <property name="os.name" value="Windows 8.1"/>
    <property name="classworlds.conf" value="C:\Users\ADRIAN\workspace\.metadata\.plugins\org.eclipse.m2e.launching\launches\m2conf5127032462986667436.tmp"/>
    <property name="sun.jnu.encoding" value="Cp1252"/>
    <property name="java.library.path" value="C:\Program Files\Java\jre1.8.0_73\bin;C:\Windows\Sun\Java\bin;C:\Windows\system32;C:\Windows;C:/Program Files/Java/jre1.8.0_73/bin/server;C:/Program Files/Java/jre1.8.0_73/bin;C:/Program Files/Java/jre1.8.0_73/lib/amd64;C:\ProgramData\Oracle\Java\javapath;C:\Windows\system32;C:\Windows;C:\Windows\System32\Wbem;C:\Windows\System32\WindowsPowerShell\v1.0\;C:\Program Files\MATLAB\R2014a\bin;C:\Program Files\TortoiseSVN\bin;C:\Program Files (x86)\MiKTeX 2.9\miktex\bin\; C:\Program Files\Java\jdk1.8.0_05\bin;C:\Program Files\Java\apache-maven-3.2.2\bin;C:\Program Files\MySQL\MySQL Server 5.6\bin;C:\Program Files\Java\eclipse;;C:\Windows\system32;;."/>
    <property name="java.specification.name" value="Java Platform API Specification"/>
    <property name="java.class.version" value="52.0"/>
    <property name="sun.management.compiler" value="HotSpot 64-Bit Tiered Compilers"/>
    <property name="os.version" value="6.3"/>
    <property name="user.home" value="C:\Users\ADRIAN"/>
    <property name="user.timezone" value="Europe/Paris"/>
    <property name="java.awt.printerjob" value="sun.awt.windows.WPrinterJob"/>
    <property name="java.specification.version" value="1.8"/>
    <property name="file.encoding" value="UTF-8"/>
    <property name="user.name" value="ADRIAN"/>
    <property name="java.class.path" value="/C:/Program Files/Java/eclipse/plugins/org.eclipse.m2e.maven.runtime_1.5.1.20150109-1819/jars/plexus-classworlds-2.5.1.jar"/>
    <property name="org.slf4j.simpleLogger.defaultLogLevel" value="info"/>
    <property name="java.vm.specification.version" value="1.8"/>
    <property name="sun.arch.data.model" value="64"/>
    <property name="java.home" value="C:\Program Files\Java\jre1.8.0_73"/>
    <property name="sun.java.command" value="org.codehaus.plexus.classworlds.launcher.Launcher -B install"/>
    <property name="java.specification.vendor" value="Oracle Corporation"/>
    <property name="user.language" value="es"/>
    <property name="awt.toolkit" value="sun.awt.windows.WToolkit"/>
    <property name="java.vm.info" value="mixed mode"/>
    <property name="java.version" value="1.8.0_73"/>
    <property name="java.ext.dirs" value="C:\Program Files\Java\jre1.8.0_73\lib\ext;C:\Windows\Sun\Java\lib\ext"/>
    <property name="sun.boot.class.path" value="C:\Program Files\Java\jre1.8.0_73\lib\resources.jar;C:\Program Files\Java\jre1.8.0_73\lib\rt.jar;C:\Program Files\Java\jre1.8.0_73\lib\sunrsasign.jar;C:\Program Files\Java\jre1.8.0_73\lib\jsse.jar;C:\Program Files\Java\jre1.8.0_73\lib\jce.jar;C:\Program Files\Java\jre1.8.0_73\lib\charsets.jar;C:\Program Files\Java\jre1.8.0_73\lib\jfr.jar;C:\Program Files\Java\jre1.8.0_73\classes"/>
    <property name="java.vendor" value="Oracle Corporation"/>
    <property name="maven.home" value="C:\Users\ADRIAN\pojo-examples-v1\EMBEDDED"/>
    <property name="file.separator" value="\"/>
    <property name="java.vendor.url.bug" value="http://bugreport.sun.com/bugreport/"/>
    <property name="sun.cpu.endian" value="little"/>
    <property name="sun.io.unicode.encoding" value="UnicodeLittle"/>
    <property name="sun.desktop" value="windows"/>
    <property name="sun.cpu.isalist" value="amd64"/>
  </properties>
  <testcase classname="es.udc.pojo.minibank.test.model.accountservice.AccountServiceTest" name="testFindAccountsByUserIdWithoutAccounts" time="2.718"/>
  <testcase classname="es.udc.pojo.minibank.test.model.accountservice.AccountServiceTest" name="testFindAccountOperationsByDate2" time="0.313"/>
  <testcase classname="es.udc.pojo.minibank.test.model.accountservice.AccountServiceTest" name="testFindNonExistentAccount" time="0.008"/>
  <testcase classname="es.udc.pojo.minibank.test.model.accountservice.AccountServiceTest" name="testAddToAccount" time="0.104"/>
  <testcase classname="es.udc.pojo.minibank.test.model.accountservice.AccountServiceTest" name="testTransferToNonExistentAccount" time="0.042"/>
  <testcase classname="es.udc.pojo.minibank.test.model.accountservice.AccountServiceTest" name="testGetNumberOfAccountOperationsFromNonExistentAccount" time="0.016"/>
  <testcase classname="es.udc.pojo.minibank.test.model.accountservice.AccountServiceTest" name="testAddToNonExistentAccount" time="0.007"/>
  <testcase classname="es.udc.pojo.minibank.test.model.accountservice.AccountServiceTest" name="testTransferFromNonExistentAccount" time="0.036"/>
  <testcase classname="es.udc.pojo.minibank.test.model.accountservice.AccountServiceTest" name="testCreateAccountAndFindAccount" time="0.043"/>
  <testcase classname="es.udc.pojo.minibank.test.model.accountservice.AccountServiceTest" name="testWithdrawFromAccount" time="0.044"/>
  <testcase classname="es.udc.pojo.minibank.test.model.accountservice.AccountServiceTest" name="testTransferWithInsufficientBalance" time="0.067"/>
  <testcase classname="es.udc.pojo.minibank.test.model.accountservice.AccountServiceTest" name="testRemoveNonExistentAccount" time="0.008"/>
  <testcase classname="es.udc.pojo.minibank.test.model.accountservice.AccountServiceTest" name="testWithdrawWithInsufficientBalance" time="0.054"/>
  <testcase classname="es.udc.pojo.minibank.test.model.accountservice.AccountServiceTest" name="testFindAccountsByUserId" time="0.079"/>
  <testcase classname="es.udc.pojo.minibank.test.model.accountservice.AccountServiceTest" name="testGetNumberOfAccountOperationsWithoutOperations" time="0.052"/>
  <testcase classname="es.udc.pojo.minibank.test.model.accountservice.AccountServiceTest" name="testFindAccountOperationsByDateWithoutOperations" time="0.046"/>
  <testcase classname="es.udc.pojo.minibank.test.model.accountservice.AccountServiceTest" name="testGetNumberOfAccountOperations" time="0.088"/>
  <testcase classname="es.udc.pojo.minibank.test.model.accountservice.AccountServiceTest" name="testFindAccountOperationsFromNonExistentAccount" time="0"/>
  <testcase classname="es.udc.pojo.minibank.test.model.accountservice.AccountServiceTest" name="testWithdrawFromNonExistentAccount" time="0.002"/>
  <testcase classname="es.udc.pojo.minibank.test.model.accountservice.AccountServiceTest" name="testRemoveAccount" time="0.105"/>
  <testcase classname="es.udc.pojo.minibank.test.model.accountservice.AccountServiceTest" name="testTransfer" time="0.085"/>
</testsuite>