<?xml version="1.0" encoding="UTF-8" ?>
<testsuite tests="24" failures="0" name="es.udc.pa.p007.apuestasapp.test.model.apuestasService.ApuestasServiceTest" time="4.546" errors="0" skipped="0">
  <properties>
    <property name="java.runtime.name" value="Java(TM) SE Runtime Environment"/>
    <property name="sun.boot.library.path" value="C:\Program Files\Java\jdk1.8.0_05\jre\bin"/>
    <property name="java.vm.version" value="25.5-b02"/>
    <property name="java.vm.vendor" value="Oracle Corporation"/>
    <property name="java.vendor.url" value="http://java.oracle.com/"/>
    <property name="path.separator" value=";"/>
    <property name="guice.disable.misplaced.annotation.check" value="true"/>
    <property name="java.vm.name" value="Java HotSpot(TM) 64-Bit Server VM"/>
    <property name="file.encoding.pkg" value="sun.io"/>
    <property name="user.script" value=""/>
    <property name="user.country" value="ES"/>
    <property name="sun.java.launcher" value="SUN_STANDARD"/>
    <property name="sun.os.patch.level" value=""/>
    <property name="java.vm.specification.name" value="Java Virtual Machine Specification"/>
    <property name="user.dir" value="C:\Users\ADRIAN\Desktop\it-3"/>
    <property name="java.runtime.version" value="1.8.0_05-b13"/>
    <property name="java.awt.graphicsenv" value="sun.awt.Win32GraphicsEnvironment"/>
    <property name="java.endorsed.dirs" value="C:\Program Files\Java\jdk1.8.0_05\jre\lib\endorsed"/>
    <property name="os.arch" value="amd64"/>
    <property name="java.io.tmpdir" value="C:\Users\ADRIAN\AppData\Local\Temp\"/>
    <property name="line.separator" value="
"/>
    <property name="java.vm.specification.vendor" value="Oracle Corporation"/>
    <property name="user.variant" value=""/>
    <property name="os.name" value="Windows 8.1"/>
    <property name="classworlds.conf" value="C:\Program Files\Java\apache-maven-3.2.2\bin\..\bin\m2.conf"/>
    <property name="sun.jnu.encoding" value="Cp1252"/>
    <property name="java.library.path" value="C:\Program Files\Java\jdk1.8.0_05\bin;C:\Windows\Sun\Java\bin;C:\Windows\system32;C:\Windows;C:\ProgramData\Oracle\Java\javapath;C:\Windows\system32;C:\Windows;C:\Windows\System32\Wbem;C:\Windows\System32\WindowsPowerShell\v1.0\;C:\Program Files\MATLAB\R2014a\bin;C:\Program Files\TortoiseSVN\bin;C:\Program Files (x86)\MiKTeX 2.9\miktex\bin\; C:\Program Files\Java\jdk1.8.0_05\bin;C:\Program Files\Java\apache-maven-3.2.2\bin;C:\Program Files\MySQL\MySQL Server 5.6\bin;C:\Program Files\Java\eclipse;;."/>
    <property name="java.specification.name" value="Java Platform API Specification"/>
    <property name="java.class.version" value="52.0"/>
    <property name="sun.management.compiler" value="HotSpot 64-Bit Tiered Compilers"/>
    <property name="os.version" value="6.3"/>
    <property name="user.home" value="C:\Users\ADRIAN"/>
    <property name="user.timezone" value="Europe/Paris"/>
    <property name="java.awt.printerjob" value="sun.awt.windows.WPrinterJob"/>
    <property name="java.specification.version" value="1.8"/>
    <property name="file.encoding" value="Cp1252"/>
    <property name="user.name" value="ADRIAN"/>
    <property name="java.class.path" value="C:\Program Files\Java\apache-maven-3.2.2\bin\..\boot\plexus-classworlds-2.5.1.jar"/>
    <property name="org.slf4j.simpleLogger.defaultLogLevel" value="info"/>
    <property name="java.vm.specification.version" value="1.8"/>
    <property name="sun.arch.data.model" value="64"/>
    <property name="java.home" value="C:\Program Files\Java\jdk1.8.0_05\jre"/>
    <property name="sun.java.command" value="org.codehaus.plexus.classworlds.launcher.Launcher install"/>
    <property name="java.specification.vendor" value="Oracle Corporation"/>
    <property name="user.language" value="es"/>
    <property name="awt.toolkit" value="sun.awt.windows.WToolkit"/>
    <property name="java.vm.info" value="mixed mode"/>
    <property name="java.version" value="1.8.0_05"/>
    <property name="java.ext.dirs" value="C:\Program Files\Java\jdk1.8.0_05\jre\lib\ext;C:\Windows\Sun\Java\lib\ext"/>
    <property name="sun.boot.class.path" value="C:\Program Files\Java\jdk1.8.0_05\jre\lib\resources.jar;C:\Program Files\Java\jdk1.8.0_05\jre\lib\rt.jar;C:\Program Files\Java\jdk1.8.0_05\jre\lib\sunrsasign.jar;C:\Program Files\Java\jdk1.8.0_05\jre\lib\jsse.jar;C:\Program Files\Java\jdk1.8.0_05\jre\lib\jce.jar;C:\Program Files\Java\jdk1.8.0_05\jre\lib\charsets.jar;C:\Program Files\Java\jdk1.8.0_05\jre\lib\jfr.jar;C:\Program Files\Java\jdk1.8.0_05\jre\classes"/>
    <property name="sun.stderr.encoding" value="cp850"/>
    <property name="java.vendor" value="Oracle Corporation"/>
    <property name="maven.home" value="C:\Program Files\Java\apache-maven-3.2.2\bin\.."/>
    <property name="file.separator" value="\"/>
    <property name="java.vendor.url.bug" value="http://bugreport.sun.com/bugreport/"/>
    <property name="sun.cpu.endian" value="little"/>
    <property name="sun.io.unicode.encoding" value="UnicodeLittle"/>
    <property name="sun.stdout.encoding" value="cp850"/>
    <property name="sun.desktop" value="windows"/>
    <property name="sun.cpu.isalist" value="amd64"/>
  </properties>
  <testcase classname="es.udc.pa.p007.apuestasapp.test.model.apuestasService.ApuestasServiceTest" name="testfindApuestasByUserIdWithoutApuestas" time="3.036"/>
  <testcase classname="es.udc.pa.p007.apuestasapp.test.model.apuestasService.ApuestasServiceTest" name="testFindNonExistentOpcionApuesta" time="0.022"/>
  <testcase classname="es.udc.pa.p007.apuestasapp.test.model.apuestasService.ApuestasServiceTest" name="testFindNonExistentApuesta" time="0.015"/>
  <testcase classname="es.udc.pa.p007.apuestasapp.test.model.apuestasService.ApuestasServiceTest" name="testFindApuestasByUserId" time="0.311"/>
  <testcase classname="es.udc.pa.p007.apuestasapp.test.model.apuestasService.ApuestasServiceTest" name="testGetCategorias" time="0.114"/>
  <testcase classname="es.udc.pa.p007.apuestasapp.test.model.apuestasService.ApuestasServiceTest" name="testFindNonExistentTipoApuesta" time="0.011"/>
  <testcase classname="es.udc.pa.p007.apuestasapp.test.model.apuestasService.ApuestasServiceTest" name="testFindEventos" time="0.099"/>
  <testcase classname="es.udc.pa.p007.apuestasapp.test.model.apuestasService.ApuestasServiceTest" name="testCreateApuestaWithNonExistentUser" time="0.122"/>
  <testcase classname="es.udc.pa.p007.apuestasapp.test.model.apuestasService.ApuestasServiceTest" name="testGetTiposApuesta" time="0.104"/>
  <testcase classname="es.udc.pa.p007.apuestasapp.test.model.apuestasService.ApuestasServiceTest" name="testCreateTipoApuestaWithStartedEvent" time="0.109"/>
  <testcase classname="es.udc.pa.p007.apuestasapp.test.model.apuestasService.ApuestasServiceTest" name="testFindEventosWithNonExistentCategoria" time="0.02"/>
  <testcase classname="es.udc.pa.p007.apuestasapp.test.model.apuestasService.ApuestasServiceTest" name="testFindNonExistentCategoria" time="0.024"/>
  <testcase classname="es.udc.pa.p007.apuestasapp.test.model.apuestasService.ApuestasServiceTest" name="testIsOpcionesApuestaValidatedWithNonExistentTipoApuesta" time="0.014"/>
  <testcase classname="es.udc.pa.p007.apuestasapp.test.model.apuestasService.ApuestasServiceTest" name="testCreateEventoWithNonExistentCategoria" time="0.014"/>
  <testcase classname="es.udc.pa.p007.apuestasapp.test.model.apuestasService.ApuestasServiceTest" name="testFindNonExistentEvento" time="0.006"/>
  <testcase classname="es.udc.pa.p007.apuestasapp.test.model.apuestasService.ApuestasServiceTest" name="testMarcarOpcionesGanadoras" time="0.13"/>
  <testcase classname="es.udc.pa.p007.apuestasapp.test.model.apuestasService.ApuestasServiceTest" name="testIsOpcionesApuestaValidated" time="0.083"/>
  <testcase classname="es.udc.pa.p007.apuestasapp.test.model.apuestasService.ApuestasServiceTest" name="testCreateEventoBefore" time="0.048"/>
  <testcase classname="es.udc.pa.p007.apuestasapp.test.model.apuestasService.ApuestasServiceTest" name="testCreateEventoAndFindEvento" time="0.043"/>
  <testcase classname="es.udc.pa.p007.apuestasapp.test.model.apuestasService.ApuestasServiceTest" name="testCreateApuestaWithNonExistentOpcion" time="0.111"/>
  <testcase classname="es.udc.pa.p007.apuestasapp.test.model.apuestasService.ApuestasServiceTest" name="testCreateTipoApuestaWithoutEvent" time="0.013"/>
  <testcase classname="es.udc.pa.p007.apuestasapp.test.model.apuestasService.ApuestasServiceTest" name="testCreateApuestaAndFindApuesta" time="0.038"/>
  <testcase classname="es.udc.pa.p007.apuestasapp.test.model.apuestasService.ApuestasServiceTest" name="testGetTiposApuestaWithNonExistentEvento" time="0.006"/>
  <testcase classname="es.udc.pa.p007.apuestasapp.test.model.apuestasService.ApuestasServiceTest" name="testCreateTipoApuesta" time="0.053"/>
</testsuite>